Starting enum4linux v0.9.0 ( http://labs.portcullis.co.uk/application/enum4linux/ ) on Tue May  4 06:43:20 2021

[34m =========================================( [0m[32mTarget Information[0m[34m )=========================================

[0mTarget ........... 10.10.161.50
RID Range ........ 500-550,1000-1050
Username ......... ''
Password ......... ''
Known Usernames .. administrator, guest, krbtgt, domain admins, root, bin, none


[34m ============================( [0m[32mEnumerating Workgroup/Domain on 10.10.161.50[0m[34m )============================

[0m[33m
[+] [0m[32mGot domain/workgroup name: WORKGROUP

[0m
[34m ================================( [0m[32mNbtstat Information for 10.10.161.50[0m[34m )================================

[0mLooking up status of 10.10.161.50
	POLOSMB         <00> -         B <ACTIVE>  Workstation Service
	POLOSMB         <03> -         B <ACTIVE>  Messenger Service
	POLOSMB         <20> -         B <ACTIVE>  File Server Service
	..__MSBROWSE__. <01> - <GROUP> B <ACTIVE>  Master Browser
	WORKGROUP       <00> - <GROUP> B <ACTIVE>  Domain/Workgroup Name
	WORKGROUP       <1d> -         B <ACTIVE>  Master Browser
	WORKGROUP       <1e> - <GROUP> B <ACTIVE>  Browser Service Elections

	MAC Address = 00-00-00-00-00-00

[34m ===================================( [0m[32mSession Check on 10.10.161.50[0m[34m )===================================

[0m[33m
[+] [0m[32mServer 10.10.161.50 allows sessions using username '', password ''

[0m
[34m ================================( [0m[32mGetting domain SID for 10.10.161.50[0m[34m )================================

[0mmkdir failed on directory /var/run/samba/msg.lock: Permission denied
Domain Name: WORKGROUP
Domain Sid: (NULL SID)
[33m
[+] [0m[32mCan't determine if host is part of domain or part of a workgroup

[0m
[34m ===================================( [0m[32mOS information on 10.10.161.50[0m[34m )===================================

[0m[33m
[E] [0m[31mCan't get OS info with smbclient

[0m[33m
[+] [0m[32mGot OS info for 10.10.161.50 from srvinfo: 
[0mmkdir failed on directory /var/run/samba/msg.lock: Permission denied
	POLOSMB        Wk Sv PrQ Unx NT SNT polosmb server (Samba, Ubuntu)
	platform_id     :	500
	os version      :	6.1
	server type     :	0x809a03


[34m =======================================( [0m[32mUsers on 10.10.161.50[0m[34m )=======================================

[0m

[34m =================================( [0m[32mShare Enumeration on 10.10.161.50[0m[34m )=================================

[0mWARNING: The "syslog" option is deprecated

	Sharename       Type      Comment
	---------       ----      -------
	netlogon        Disk      Network Logon Service
	profiles        Disk      Users profiles
	print$          Disk      Printer Drivers
	IPC$            IPC       IPC Service (polosmb server (Samba, Ubuntu))
Reconnecting with SMB1 for workgroup listing.

	Server               Comment
	---------            -------

	Workgroup            Master
	---------            -------
	WORKGROUP            POLOSMB
[33m
[+] [0m[32mAttempting to map shares on 10.10.161.50

[0m//10.10.161.50/netlogon	[33m
[E] [0m[31mCan't understand response:

[0mWARNING: The "syslog" option is deprecated
tree connect failed: NT_STATUS_BAD_NETWORK_NAME
//10.10.161.50/profiles	[35mMapping: [0mOK[35mListing: [0mOK
//10.10.161.50/print$	[35mMapping: [0mDENIED, Listing: N/A
//10.10.161.50/IPC$	[33m
[E] [0m[31mCan't understand response:

[0mWARNING: The "syslog" option is deprecated
NT_STATUS_OBJECT_NAME_NOT_FOUND listing \*

[34m ============================( [0m[32mPassword Policy Information for 10.10.161.50[0m[34m )============================

[0m[33m
[E] [0m[31mUnexpected error from polenum:

[0mTraceback (most recent call last):
  File "/usr/bin/polenum", line 33, in <module>
    from impacket.dcerpc import dcerpc_v4, dcerpc, transport, samr
ImportError: cannot import name dcerpc_v4
[33m
[+] [0m[32mRetieved partial password policy with rpcclient:


[0mPassword Complexity: Disabled
Minimum Password Length: 5


[34m =======================================( [0m[32mGroups on 10.10.161.50[0m[34m )=======================================

[0m[33m
[+] [0m[32mGetting builtin groups:

[0m[33m
[+] [0m[32m Getting builtin group memberships:

[0m[33m
[+] [0m[32m Getting local groups:

[0m[33m
[+] [0m[32m Getting local group memberships:

[0m[33m
[+] [0m[32m Getting domain groups:

[0m[33m
[+] [0m[32m Getting domain group memberships:

[0m
[34m ==================( [0m[32mUsers on 10.10.161.50 via RID cycling (RIDS: 500-550,1000-1050)[0m[34m )==================

[0m[33m
[I] [0m[36mFound new SID: 
[0mS-1-22-1
[33m
[I] [0m[36mFound new SID: 
[0mS-1-5-32
[33m
[I] [0m[36mFound new SID: 
[0mS-1-5-32
[33m
[I] [0m[36mFound new SID: 
[0mS-1-5-32
[33m
[I] [0m[36mFound new SID: 
[0mS-1-5-32
[33m
[+] [0m[32mEnumerating users using SID S-1-22-1 and logon username '', password ''

[0mS-1-22-1-1000 Unix User\cactus (Local User)
[33m
[+] [0m[32mEnumerating users using SID S-1-5-32 and logon username '', password ''

[0mS-1-5-32-544 BUILTIN\Administrators (Local Group)
S-1-5-32-545 BUILTIN\Users (Local Group)
S-1-5-32-546 BUILTIN\Guests (Local Group)
S-1-5-32-547 BUILTIN\Power Users (Local Group)
S-1-5-32-548 BUILTIN\Account Operators (Local Group)
S-1-5-32-549 BUILTIN\Server Operators (Local Group)
S-1-5-32-550 BUILTIN\Print Operators (Local Group)
[33m
[+] [0m[32mEnumerating users using SID S-1-5-21-434125608-3964652802-3194254534 and logon username '', password ''

[0mS-1-5-21-434125608-3964652802-3194254534-501 POLOSMB\nobody (Local User)
S-1-5-21-434125608-3964652802-3194254534-513 POLOSMB\None (Domain Group)

[34m ===============================( [0m[32mGetting printer info for 10.10.161.50[0m[34m )===============================

[0mmkdir failed on directory /var/run/samba/msg.lock: Permission denied
No printers returned.


enum4linux complete on Tue May  4 06:55:32 2021

