Starting Nmap 7.91 ( https://nmap.org ) at 2021-05-10 07:54 Eastern Daylight Time
Nmap scan report for 10.10.57.113
Host is up (0.11s latency).
Not shown: 65534 closed ports
PORT     STATE SERVICE VERSION
8012/tcp open  unknown
No exact OS matches for host (If you know what OS is running on it, see https://nmap.org/submit/ ).
TCP/IP fingerprint:
OS:SCAN(V=7.91%E=4%D=5/10%OT=8012%CT=1%CU=30511%PV=Y%DS=4%DC=T%G=Y%TM=60992
OS:09C%P=i686-pc-windows-windows)SEQ(SP=105%GCD=1%ISR=10A%TI=Z%CI=Z%II=I%TS
OS:=A)SEQ(CI=Z%II=I)OPS(O1=M506ST11NW7%O2=M506ST11NW7%O3=M506NNT11NW7%O4=M5
OS:06ST11NW7%O5=M506ST11NW7%O6=M506ST11)WIN(W1=F4B3%W2=F4B3%W3=F4B3%W4=F4B3
OS:%W5=F4B3%W6=F4B3)ECN(R=Y%DF=Y%T=40%W=F507%O=M506NNSNW7%CC=Y%Q=)T1(R=Y%DF
OS:=Y%T=40%S=O%A=S+%F=AS%RD=0%Q=)T2(R=N)T3(R=N)T4(R=Y%DF=Y%T=40%W=0%S=A%A=Z
OS:%F=R%O=%RD=0%Q=)T5(R=Y%DF=Y%T=40%W=0%S=Z%A=S+%F=AR%O=%RD=0%Q=)T6(R=Y%DF=
OS:Y%T=40%W=0%S=A%A=Z%F=R%O=%RD=0%Q=)T7(R=Y%DF=Y%T=40%W=0%S=Z%A=S+%F=AR%O=%
OS:RD=0%Q=)U1(R=Y%DF=N%T=40%IPL=164%UN=0%RIPL=G%RID=G%RIPCK=G%RUCK=G%RUD=G)
OS:IE(R=Y%DFI=N%T=40%CD=S)

Network Distance: 4 hops

TRACEROUTE (using port 1720/tcp)
HOP RTT       ADDRESS
1   47.00 ms  10.6.0.1
2   ... 3
4   110.00 ms 10.10.57.113

OS and Service detection performed. Please report any incorrect results at https://nmap.org/submit/ .
Nmap done: 1 IP address (1 host up) scanned in 412.15 seconds
